#
# There is insufficient memory for the Java Runtime Environment to continue.
# Native memory allocation (malloc) failed to allocate 2422800 bytes. Error detail: Chunk::new
# Possible reasons:
#   The system is out of physical RAM or swap space
#   This process is running with CompressedOops enabled, and the Java Heap may be blocking the growth of the native heap
# Possible solutions:
#   Reduce memory load on the system
#   Increase physical memory or swap space
#   Check if swap backing store is full
#   Decrease Java heap size (-Xmx/-Xms)
#   Decrease number of Java threads
#   Decrease Java thread stack sizes (-Xss)
#   Set larger code cache with -XX:ReservedCodeCacheSize=
#   JVM is running with Zero Based Compressed Oops mode in which the Java heap is
#     placed in the first 32GB address space. The Java Heap base address is the
#     maximum limit for the native heap growth. Please use -XX:HeapBaseMinAddress
#     to set the Java Heap base and to place the Java Heap above 32GB virtual address.
# This output file may be truncated or incomplete.
#
#  Out of Memory Error (arena.cpp:162), pid=31000, tid=28504
#
# JRE version: Java(TM) SE Runtime Environment (24.0.1+9) (build 24.0.1+9-30)
# Java VM: Java HotSpot(TM) 64-Bit Server VM (24.0.1+9-30, mixed mode, sharing, tiered, compressed oops, compressed class ptrs, g1 gc, windows-amd64)
# No core dump will be written. Minidumps are not enabled by default on client versions of Windows
#

---------------  S U M M A R Y ------------

Command Line: --enable-native-access=ALL-UNNAMED -Dclassworlds.conf=C:\Users\dipsh\.m2\wrapper\dists\apache-maven-3.9.12\59fe215c0ad6947fea90184bf7add084544567b927287592651fda3782e0e798\bin\m2.conf -Dmaven.home=C:\Users\dipsh\.m2\wrapper\dists\apache-maven-3.9.12\59fe215c0ad6947fea90184bf7add084544567b927287592651fda3782e0e798 -Dlibrary.jansi.path=C:\Users\dipsh\.m2\wrapper\dists\apache-maven-3.9.12\59fe215c0ad6947fea90184bf7add084544567b927287592651fda3782e0e798\lib\jansi-native -Dmaven.multiModuleProjectDirectory=C:\Users\dipsh\Downloads\nutra\nutra org.codehaus.plexus.classworlds.launcher.Launcher clean compile

Host: 12th Gen Intel(R) Core(TM) i7-12650H, 16 cores, 15G,  Windows 11 , 64 bit Build 26100 (10.0.26100.6725)
Time: Tue Mar 10 16:53:04 2026 Nepal Standard Time elapsed time: 8.252174 seconds (0d 0h 0m 8s)

---------------  T H R E A D  ---------------

Current thread (0x00000185dd1a2570):  JavaThread "C2 CompilerThread0" daemon [_thread_in_native, id=28504, stack(0x0000004bc6b00000,0x0000004bc6c00000) (1024K)]


Current CompileTask:
C2:8252 5162 %     4       sun.nio.fs.WindowsPathParser::normalize @ 18 (233 bytes)

Stack: [0x0000004bc6b00000,0x0000004bc6c00000]
Native frames: (J=compiled Java code, j=interpreted, Vv=VM code, C=native code)
V  [jvm.dll+0x730739]  (no source info available)
V  [jvm.dll+0x8d9b23]  (no source info available)
V  [jvm.dll+0x8dc00d]  (no source info available)
V  [jvm.dll+0x8dc683]  (no source info available)
V  [jvm.dll+0x2aa086]  (no source info available)
V  [jvm.dll+0xcedef]  (no source info available)
V  [jvm.dll+0xcf04f]  (no source info available)
V  [jvm.dll+0x154d83]  (no source info available)
V  [jvm.dll+0x735f5f]  (no source info available)
V  [jvm.dll+0x26fa1c]  (no source info available)
V  [jvm.dll+0x26ea3f]  (no source info available)
V  [jvm.dll+0x1e9d60]  (no source info available)
V  [jvm.dll+0x27e1fb]  (no source info available)
V  [jvm.dll+0x27c49a]  (no source info available)
V  [jvm.dll+0x42f456]  (no source info available)
V  [jvm.dll+0x87d76b]  (no source info available)
V  [jvm.dll+0x72ee55]  (no source info available)
C  [ucrtbase.dll+0x37b0]  (no source info available)
C  [KERNEL32.DLL+0x2e8d7]  (no source info available)
C  [ntdll.dll+0x8c53c]  (no source info available)

Lock stack of current Java thread (top to bottom):


---------------  P R O C E S S  ---------------

Threads class SMR info:
_java_thread_list=0x00000186247f6360, length=14, elements={
0x00000185bacf81e0, 0x00000185dd185d30, 0x00000185dd186670, 0x00000185dd18eab0,
0x00000185dd18f930, 0x00000185dd190fd0, 0x00000185dd19bb20, 0x00000185dd1a2570,
0x00000185dd1d0480, 0x00000185dd2f7ac0, 0x00000185dd32cf20, 0x00000185dd332e90,
0x00000186234a4980, 0x000001862480fc40
}

Java Threads: ( => current thread )
  0x00000185bacf81e0 JavaThread "main"                              [_thread_in_vm, id=7984, stack(0x0000004bc5d00000,0x0000004bc5e00000) (1024K)]
  0x00000185dd185d30 JavaThread "Reference Handler"          daemon [_thread_blocked, id=30080, stack(0x0000004bc6500000,0x0000004bc6600000) (1024K)]
  0x00000185dd186670 JavaThread "Finalizer"                  daemon [_thread_blocked, id=15396, stack(0x0000004bc6600000,0x0000004bc6700000) (1024K)]
  0x00000185dd18eab0 JavaThread "Signal Dispatcher"          daemon [_thread_blocked, id=11356, stack(0x0000004bc6700000,0x0000004bc6800000) (1024K)]
  0x00000185dd18f930 JavaThread "Attach Listener"            daemon [_thread_blocked, id=9176, stack(0x0000004bc6800000,0x0000004bc6900000) (1024K)]
  0x00000185dd190fd0 JavaThread "Service Thread"             daemon [_thread_blocked, id=7756, stack(0x0000004bc6900000,0x0000004bc6a00000) (1024K)]
  0x00000185dd19bb20 JavaThread "Monitor Deflation Thread"   daemon [_thread_blocked, id=15368, stack(0x0000004bc6a00000,0x0000004bc6b00000) (1024K)]
=>0x00000185dd1a2570 JavaThread "C2 CompilerThread0"         daemon [_thread_in_native, id=28504, stack(0x0000004bc6b00000,0x0000004bc6c00000) (1024K)]
  0x00000185dd1d0480 JavaThread "C1 CompilerThread0"         daemon [_thread_blocked, id=5516, stack(0x0000004bc6c00000,0x0000004bc6d00000) (1024K)]
  0x00000185dd2f7ac0 JavaThread "C1 CompilerThread1"         daemon [_thread_blocked, id=30200, stack(0x0000004bc6d00000,0x0000004bc6e00000) (1024K)]
  0x00000185dd32cf20 JavaThread "Notification Thread"        daemon [_thread_blocked, id=19020, stack(0x0000004bc6e00000,0x0000004bc6f00000) (1024K)]
  0x00000185dd332e90 JavaThread "Common-Cleaner"             daemon [_thread_blocked, id=30376, stack(0x0000004bc6f00000,0x0000004bc7000000) (1024K)]
  0x00000186234a4980 JavaThread "Thread-1"                   daemon [_thread_blocked, id=31196, stack(0x0000004bc7800000,0x0000004bc7900000) (1024K)]
  0x000001862480fc40 JavaThread "C2 CompilerThread1"         daemon [_thread_in_native, id=11900, stack(0x0000004bc7000000,0x0000004bc7100000) (1024K)]
Total: 14

Other Threads:
  0x00000185dd174530 VMThread "VM Thread"                           [id=5156, stack(0x0000004bc6400000,0x0000004bc6500000) (1024K)]
  0x00000185dd035950 WatcherThread "VM Periodic Task Thread"        [id=16176, stack(0x0000004bc6300000,0x0000004bc6400000) (1024K)]
  0x00000185bd2987a0 WorkerThread "GC Thread#0"                     [id=14636, stack(0x0000004bc5e00000,0x0000004bc5f00000) (1024K)]
  0x000001862366be00 WorkerThread "GC Thread#1"                     [id=26584, stack(0x0000004bc7300000,0x0000004bc7400000) (1024K)]
  0x000001862366c1b0 WorkerThread "GC Thread#2"                     [id=32720, stack(0x0000004bc7400000,0x0000004bc7500000) (1024K)]
  0x000001862366c560 WorkerThread "GC Thread#3"                     [id=31016, stack(0x0000004bc7500000,0x0000004bc7600000) (1024K)]
  0x000001862366c910 WorkerThread "GC Thread#4"                     [id=32404, stack(0x0000004bc7600000,0x0000004bc7700000) (1024K)]
  0x00000186233f1160 WorkerThread "GC Thread#5"                     [id=15276, stack(0x0000004bc7700000,0x0000004bc7800000) (1024K)]
  0x0000018623d14db0 WorkerThread "GC Thread#6"                     [id=26348, stack(0x0000004bc7900000,0x0000004bc7a00000) (1024K)]
  0x0000018623d12520 WorkerThread "GC Thread#7"                     [id=15836, stack(0x0000004bc7a00000,0x0000004bc7b00000) (1024K)]
  0x0000018623d13030 WorkerThread "GC Thread#8"                     [id=4856, stack(0x0000004bc7b00000,0x0000004bc7c00000) (1024K)]
  0x0000018623d15510 WorkerThread "GC Thread#9"                     [id=14732, stack(0x0000004bc7c00000,0x0000004bc7d00000) (1024K)]
  0x0000018623d14650 WorkerThread "GC Thread#10"                    [id=21764, stack(0x0000004bc7d00000,0x0000004bc7e00000) (1024K)]
  0x00000185bd2ad170 ConcurrentGCThread "G1 Main Marker"            [id=8316, stack(0x0000004bc5f00000,0x0000004bc6000000) (1024K)]
  0x00000185bd2aeb70 WorkerThread "G1 Conc#0"                       [id=23976, stack(0x0000004bc6000000,0x0000004bc6100000) (1024K)]
  0x00000185dd022930 ConcurrentGCThread "G1 Refine#0"               [id=13168, stack(0x0000004bc6100000,0x0000004bc6200000) (1024K)]
  0x00000185dd024ed0 ConcurrentGCThread "G1 Service"                [id=11612, stack(0x0000004bc6200000,0x0000004bc6300000) (1024K)]
Total: 17

Threads with active compile tasks:
C2 CompilerThread0  9381 5162 %     4       sun.nio.fs.WindowsPathParser::normalize @ 18 (233 bytes)
C2 CompilerThread1  9381 5174       4       java.util.regex.Matcher::match (154 bytes)
Total: 2

VM state: not at safepoint (normal execution)

VM Mutex/Monitor currently owned by a thread: None

Heap address: 0x0000000705200000, size: 4014 MB, Compressed Oops mode: Zero based, Oop shift amount: 3

CDS archive(s) mapped at: [0x00000185de000000-0x00000185ded40000-0x00000185ded40000), size 13893632, SharedBaseAddress: 0x00000185de000000, ArchiveRelocationMode: 1.
Compressed class space mapped at: 0x00000185df000000-0x000001861f000000, reserved size: 1073741824
UseCompressedClassPointers 1, UseCompactObjectHeaders 0
Narrow klass pointer bits 32, Max shift 3
Narrow klass base: 0x00000185de000000, Narrow klass shift: 0
Encoding Range: [0x00000185de000000 - 0x00000186de000000), (4294967296 bytes)
Klass Range:    [0x00000185de000000 - 0x000001861f000000), (1090519040 bytes)
Klass ID Range:  [8 - 1090519033) (1090519025)

GC Precious Log:
 CardTable entry size: 512
 Card Set container configuration: InlinePtr #cards 4 size 8 Array Of Cards #cards 16 size 48 Howl #buckets 8 coarsen threshold 3686 Howl Bitmap #cards 512 size 80 coarsen threshold 460 Card regions per heap region 1 cards per card region 4096
 CPUs: 16 total, 16 available
 Memory: 16051M
 Large Page Support: Disabled
 NUMA Support: Disabled
 Compressed Oops: Enabled (Zero based)
 Heap Region Size: 2M
 Heap Min Capacity: 8M
 Heap Initial Capacity: 252M
 Heap Max Capacity: 4014M
 Pre-touch: Disabled
 Parallel Workers: 13
 Concurrent Workers: 3
 Concurrent Refinement Workers: 13
 Periodic GC: Disabled

Heap:
 garbage-first heap   total reserved 4110336K, committed 260096K, used 26737K [0x0000000705200000, 0x0000000800000000)
  region size 2048K, 14 young (28672K), 7 survivors (14336K)
 Metaspace       used 17322K, committed 17600K, reserved 1114112K
  class space    used 1630K, committed 1728K, reserved 1048576K

Heap Regions: E=young(eden), S=young(survivor), O=old, HS=humongous(starts), HC=humongous(continues), CS=collection set, F=free, TAMS=top-at-mark-start, PB=parsable bottom
|   0|0x0000000705200000, 0x0000000705200000, 0x0000000705400000|  0%| F|  |TAMS 0x0000000705200000| PB 0x0000000705200000| Untracked |  0
|   1|0x0000000705400000, 0x0000000705400000, 0x0000000705600000|  0%| F|  |TAMS 0x0000000705400000| PB 0x0000000705400000| Untracked |  0
|   2|0x0000000705600000, 0x0000000705600000, 0x0000000705800000|  0%| F|  |TAMS 0x0000000705600000| PB 0x0000000705600000| Untracked |  0
|   3|0x0000000705800000, 0x0000000705800000, 0x0000000705a00000|  0%| F|  |TAMS 0x0000000705800000| PB 0x0000000705800000| Untracked |  0
|   4|0x0000000705a00000, 0x0000000705a00000, 0x0000000705c00000|  0%| F|  |TAMS 0x0000000705a00000| PB 0x0000000705a00000| Untracked |  0
|   5|0x0000000705c00000, 0x0000000705c00000, 0x0000000705e00000|  0%| F|  |TAMS 0x0000000705c00000| PB 0x0000000705c00000| Untracked |  0
|   6|0x0000000705e00000, 0x0000000705e00000, 0x0000000706000000|  0%| F|  |TAMS 0x0000000705e00000| PB 0x0000000705e00000| Untracked |  0
|   7|0x0000000706000000, 0x0000000706000000, 0x0000000706200000|  0%| F|  |TAMS 0x0000000706000000| PB 0x0000000706000000| Untracked |  0
|   8|0x0000000706200000, 0x0000000706200000, 0x0000000706400000|  0%| F|  |TAMS 0x0000000706200000| PB 0x0000000706200000| Untracked |  0
|   9|0x0000000706400000, 0x0000000706400000, 0x0000000706600000|  0%| F|  |TAMS 0x0000000706400000| PB 0x0000000706400000| Untracked |  0
|  10|0x0000000706600000, 0x0000000706600000, 0x0000000706800000|  0%| F|  |TAMS 0x0000000706600000| PB 0x0000000706600000| Untracked |  0
|  11|0x0000000706800000, 0x0000000706800000, 0x0000000706a00000|  0%| F|  |TAMS 0x0000000706800000| PB 0x0000000706800000| Untracked |  0
|  12|0x0000000706a00000, 0x0000000706a00000, 0x0000000706c00000|  0%| F|  |TAMS 0x0000000706a00000| PB 0x0000000706a00000| Untracked |  0
|  13|0x0000000706c00000, 0x0000000706c00000, 0x0000000706e00000|  0%| F|  |TAMS 0x0000000706c00000| PB 0x0000000706c00000| Untracked |  0
|  14|0x0000000706e00000, 0x0000000706e00000, 0x0000000707000000|  0%| F|  |TAMS 0x0000000706e00000| PB 0x0000000706e00000| Untracked |  0
|  15|0x0000000707000000, 0x0000000707000000, 0x0000000707200000|  0%| F|  |TAMS 0x0000000707000000| PB 0x0000000707000000| Untracked |  0
|  16|0x0000000707200000, 0x0000000707200000, 0x0000000707400000|  0%| F|  |TAMS 0x0000000707200000| PB 0x0000000707200000| Untracked |  0
|  17|0x0000000707400000, 0x0000000707400000, 0x0000000707600000|  0%| F|  |TAMS 0x0000000707400000| PB 0x0000000707400000| Untracked |  0
|  18|0x0000000707600000, 0x0000000707600000, 0x0000000707800000|  0%| F|  |TAMS 0x0000000707600000| PB 0x0000000707600000| Untracked |  0
|  19|0x0000000707800000, 0x0000000707800000, 0x0000000707a00000|  0%| F|  |TAMS 0x0000000707800000| PB 0x0000000707800000| Untracked |  0
|  20|0x0000000707a00000, 0x0000000707a00000, 0x0000000707c00000|  0%| F|  |TAMS 0x0000000707a00000| PB 0x0000000707a00000| Untracked |  0
|  21|0x0000000707c00000, 0x0000000707c00000, 0x0000000707e00000|  0%| F|  |TAMS 0x0000000707c00000| PB 0x0000000707c00000| Untracked |  0
|  22|0x0000000707e00000, 0x0000000707e00000, 0x0000000708000000|  0%| F|  |TAMS 0x0000000707e00000| PB 0x0000000707e00000| Untracked |  0
|  23|0x0000000708000000, 0x0000000708000000, 0x0000000708200000|  0%| F|  |TAMS 0x0000000708000000| PB 0x0000000708000000| Untracked |  0
|  24|0x0000000708200000, 0x0000000708200000, 0x0000000708400000|  0%| F|  |TAMS 0x0000000708200000| PB 0x0000000708200000| Untracked |  0
|  25|0x0000000708400000, 0x0000000708400000, 0x0000000708600000|  0%| F|  |TAMS 0x0000000708400000| PB 0x0000000708400000| Untracked |  0
|  26|0x0000000708600000, 0x0000000708600000, 0x0000000708800000|  0%| F|  |TAMS 0x0000000708600000| PB 0x0000000708600000| Untracked |  0
|  27|0x0000000708800000, 0x0000000708800000, 0x0000000708a00000|  0%| F|  |TAMS 0x0000000708800000| PB 0x0000000708800000| Untracked |  0
|  28|0x0000000708a00000, 0x0000000708a00000, 0x0000000708c00000|  0%| F|  |TAMS 0x0000000708a00000| PB 0x0000000708a00000| Untracked |  0
|  29|0x0000000708c00000, 0x0000000708c00000, 0x0000000708e00000|  0%| F|  |TAMS 0x0000000708c00000| PB 0x0000000708c00000| Untracked |  0
|  30|0x0000000708e00000, 0x0000000708e00000, 0x0000000709000000|  0%| F|  |TAMS 0x0000000708e00000| PB 0x0000000708e00000| Untracked |  0
|  31|0x0000000709000000, 0x0000000709000000, 0x0000000709200000|  0%| F|  |TAMS 0x0000000709000000| PB 0x0000000709000000| Untracked |  0
|  32|0x0000000709200000, 0x0000000709200000, 0x0000000709400000|  0%| F|  |TAMS 0x0000000709200000| PB 0x0000000709200000| Untracked |  0
|  33|0x0000000709400000, 0x0000000709400000, 0x0000000709600000|  0%| F|  |TAMS 0x0000000709400000| PB 0x0000000709400000| Untracked |  0
|  34|0x0000000709600000, 0x0000000709600000, 0x0000000709800000|  0%| F|  |TAMS 0x0000000709600000| PB 0x0000000709600000| Untracked |  0
|  35|0x0000000709800000, 0x0000000709800000, 0x0000000709a00000|  0%| F|  |TAMS 0x0000000709800000| PB 0x0000000709800000| Untracked |  0
|  36|0x0000000709a00000, 0x0000000709a00000, 0x0000000709c00000|  0%| F|  |TAMS 0x0000000709a00000| PB 0x0000000709a00000| Untracked |  0
|  37|0x0000000709c00000, 0x0000000709c00000, 0x0000000709e00000|  0%| F|  |TAMS 0x0000000709c00000| PB 0x0000000709c00000| Untracked |  0
|  38|0x0000000709e00000, 0x0000000709e00000, 0x000000070a000000|  0%| F|  |TAMS 0x0000000709e00000| PB 0x0000000709e00000| Untracked |  0
|  39|0x000000070a000000, 0x000000070a000000, 0x000000070a200000|  0%| F|  |TAMS 0x000000070a000000| PB 0x000000070a000000| Untracked |  0
|  40|0x000000070a200000, 0x000000070a200000, 0x000000070a400000|  0%| F|  |TAMS 0x000000070a200000| PB 0x000000070a200000| Untracked |  0
|  41|0x000000070a400000, 0x000000070a400000, 0x000000070a600000|  0%| F|  |TAMS 0x000000070a400000| PB 0x000000070a400000| Untracked |  0
|  42|0x000000070a600000, 0x000000070a600000, 0x000000070a800000|  0%| F|  |TAMS 0x000000070a600000| PB 0x000000070a600000| Untracked |  0
|  43|0x000000070a800000, 0x000000070a800000, 0x000000070aa00000|  0%| F|  |TAMS 0x000000070a800000| PB 0x000000070a800000| Untracked |  0
|  44|0x000000070aa00000, 0x000000070aa00000, 0x000000070ac00000|  0%| F|  |TAMS 0x000000070aa00000| PB 0x000000070aa00000| Untracked |  0
|  45|0x000000070ac00000, 0x000000070ac00000, 0x000000070ae00000|  0%| F|  |TAMS 0x000000070ac00000| PB 0x000000070ac00000| Untracked |  0
|  46|0x000000070ae00000, 0x000000070ae00000, 0x000000070b000000|  0%| F|  |TAMS 0x000000070ae00000| PB 0x000000070ae00000| Untracked |  0
|  47|0x000000070b000000, 0x000000070b000000, 0x000000070b200000|  0%| F|  |TAMS 0x000000070b000000| PB 0x000000070b000000| Untracked |  0
|  48|0x000000070b200000, 0x000000070b200000, 0x000000070b400000|  0%| F|  |TAMS 0x000000070b200000| PB 0x000000070b200000| Untracked |  0
|  49|0x000000070b400000, 0x000000070b400000, 0x000000070b600000|  0%| F|  |TAMS 0x000000070b400000| PB 0x000000070b400000| Untracked |  0
|  50|0x000000070b600000, 0x000000070b600000, 0x000000070b800000|  0%| F|  |TAMS 0x000000070b600000| PB 0x000000070b600000| Untracked |  0
|  51|0x000000070b800000, 0x000000070b800000, 0x000000070ba00000|  0%| F|  |TAMS 0x000000070b800000| PB 0x000000070b800000| Untracked |  0
|  52|0x000000070ba00000, 0x000000070ba00000, 0x000000070bc00000|  0%| F|  |TAMS 0x000000070ba00000| PB 0x000000070ba00000| Untracked |  0
|  53|0x000000070bc00000, 0x000000070bc00000, 0x000000070be00000|  0%| F|  |TAMS 0x000000070bc00000| PB 0x000000070bc00000| Untracked |  0
|  54|0x000000070be00000, 0x000000070be00000, 0x000000070c000000|  0%| F|  |TAMS 0x000000070be00000| PB 0x000000070be00000| Untracked |  0
|  55|0x000000070c000000, 0x000000070c000000, 0x000000070c200000|  0%| F|  |TAMS 0x000000070c000000| PB 0x000000070c000000| Untracked |  0
|  56|0x000000070c200000, 0x000000070c200000, 0x000000070c400000|  0%| F|  |TAMS 0x000000070c200000| PB 0x000000070c200000| Untracked |  0
|  57|0x000000070c400000, 0x000000070c400000, 0x000000070c600000|  0%| F|  |TAMS 0x000000070c400000| PB 0x000000070c400000| Untracked |  0
|  58|0x000000070c600000, 0x000000070c600000, 0x000000070c800000|  0%| F|  |TAMS 0x000000070c600000| PB 0x000000070c600000| Untracked |  0
|  59|0x000000070c800000, 0x000000070c800000, 0x000000070ca00000|  0%| F|  |TAMS 0x000000070c800000| PB 0x000000070c800000| Untracked |  0
|  60|0x000000070ca00000, 0x000000070ca00000, 0x000000070cc00000|  0%| F|  |TAMS 0x000000070ca00000| PB 0x000000070ca00000| Untracked |  0
|  61|0x000000070cc00000, 0x000000070cc00000, 0x000000070ce00000|  0%| F|  |TAMS 0x000000070cc00000| PB 0x000000070cc00000| Untracked |  0
|  62|0x000000070ce00000, 0x000000070ceff600, 0x000000070d000000| 49%| S|CS|TAMS 0x000000070ce00000| PB 0x000000070ce00000| Complete |  0
|  63|0x000000070d000000, 0x000000070d200000, 0x000000070d200000|100%| S|CS|TAMS 0x000000070d000000| PB 0x000000070d000000| Complete |  0
|  64|0x000000070d200000, 0x000000070d400000, 0x000000070d400000|100%| S|CS|TAMS 0x000000070d200000| PB 0x000000070d200000| Complete |  0
|  65|0x000000070d400000, 0x000000070d600000, 0x000000070d600000|100%| S|CS|TAMS 0x000000070d400000| PB 0x000000070d400000| Complete |  0
|  66|0x000000070d600000, 0x000000070d800000, 0x000000070d800000|100%| S|CS|TAMS 0x000000070d600000| PB 0x000000070d600000| Complete |  0
|  67|0x000000070d800000, 0x000000070da00000, 0x000000070da00000|100%| S|CS|TAMS 0x000000070d800000| PB 0x000000070d800000| Complete |  0
|  68|0x000000070da00000, 0x000000070dc00000, 0x000000070dc00000|100%| S|CS|TAMS 0x000000070da00000| PB 0x000000070da00000| Complete |  0
|  69|0x000000070dc00000, 0x000000070dc00000, 0x000000070de00000|  0%| F|  |TAMS 0x000000070dc00000| PB 0x000000070dc00000| Untracked |  0
|  70|0x000000070de00000, 0x000000070de00000, 0x000000070e000000|  0%| F|  |TAMS 0x000000070de00000| PB 0x000000070de00000| Untracked |  0
|  71|0x000000070e000000, 0x000000070e000000, 0x000000070e200000|  0%| F|  |TAMS 0x000000070e000000| PB 0x000000070e000000| Untracked |  0
|  72|0x000000070e200000, 0x000000070e200000, 0x000000070e400000|  0%| F|  |TAMS 0x000000070e200000| PB 0x000000070e200000| Untracked |  0
|  73|0x000000070e400000, 0x000000070e400000, 0x000000070e600000|  0%| F|  |TAMS 0x000000070e400000| PB 0x000000070e400000| Untracked |  0
|  74|0x000000070e600000, 0x000000070e600000, 0x000000070e800000|  0%| F|  |TAMS 0x000000070e600000| PB 0x000000070e600000| Untracked |  0
|  75|0x000000070e800000, 0x000000070e800000, 0x000000070ea00000|  0%| F|  |TAMS 0x000000070e800000| PB 0x000000070e800000| Untracked |  0
|  76|0x000000070ea00000, 0x000000070ea00000, 0x000000070ec00000|  0%| F|  |TAMS 0x000000070ea00000| PB 0x000000070ea00000| Untracked |  0
|  77|0x000000070ec00000, 0x000000070ec00000, 0x000000070ee00000|  0%| F|  |TAMS 0x000000070ec00000| PB 0x000000070ec00000| Untracked |  0
|  78|0x000000070ee00000, 0x000000070ee00000, 0x000000070f000000|  0%| F|  |TAMS 0x000000070ee00000| PB 0x000000070ee00000| Untracked |  0
|  79|0x000000070f000000, 0x000000070f000000, 0x000000070f200000|  0%| F|  |TAMS 0x000000070f000000| PB 0x000000070f000000| Untracked |  0
|  80|0x000000070f200000, 0x000000070f200000, 0x000000070f400000|  0%| F|  |TAMS 0x000000070f200000| PB 0x000000070f200000| Untracked |  0
|  81|0x000000070f400000, 0x000000070f400000, 0x000000070f600000|  0%| F|  |TAMS 0x000000070f400000| PB 0x000000070f400000| Untracked |  0
|  82|0x000000070f600000, 0x000000070f600000, 0x000000070f800000|  0%| F|  |TAMS 0x000000070f600000| PB 0x000000070f600000| Untracked |  0
|  83|0x000000070f800000, 0x000000070f800000, 0x000000070fa00000|  0%| F|  |TAMS 0x000000070f800000| PB 0x000000070f800000| Untracked |  0
|  84|0x000000070fa00000, 0x000000070fa00000, 0x000000070fc00000|  0%| F|  |TAMS 0x000000070fa00000| PB 0x000000070fa00000| Untracked |  0
|  85|0x000000070fc00000, 0x000000070fc00000, 0x000000070fe00000|  0%| F|  |TAMS 0x000000070fc00000| PB 0x000000070fc00000| Untracked |  0
|  86|0x000000070fe00000, 0x000000070fe00000, 0x0000000710000000|  0%| F|  |TAMS 0x000000070fe00000| PB 0x000000070fe00000| Untracked |  0
|  87|0x0000000710000000, 0x0000000710000000, 0x0000000710200000|  0%| F|  |TAMS 0x0000000710000000| PB 0x0000000710000000| Untracked |  0
|  88|0x0000000710200000, 0x0000000710200000, 0x0000000710400000|  0%| F|  |TAMS 0x0000000710200000| PB 0x0000000710200000| Untracked |  0
|  89|0x0000000710400000, 0x0000000710400000, 0x0000000710600000|  0%| F|  |TAMS 0x0000000710400000| PB 0x0000000710400000| Untracked |  0
|  90|0x0000000710600000, 0x0000000710600000, 0x0000000710800000|  0%| F|  |TAMS 0x0000000710600000| PB 0x0000000710600000| Untracked |  0
|  91|0x0000000710800000, 0x0000000710800000, 0x0000000710a00000|  0%| F|  |TAMS 0x0000000710800000| PB 0x0000000710800000| Untracked |  0
|  92|0x0000000710a00000, 0x0000000710a00000, 0x0000000710c00000|  0%| F|  |TAMS 0x0000000710a00000| PB 0x0000000710a00000| Untracked |  0
|  93|0x0000000710c00000, 0x0000000710c00000, 0x0000000710e00000|  0%| F|  |TAMS 0x0000000710c00000| PB 0x0000000710c00000| Untracked |  0
|  94|0x0000000710e00000, 0x0000000710e00000, 0x0000000711000000|  0%| F|  |TAMS 0x0000000710e00000| PB 0x0000000710e00000| Untracked |  0
|  95|0x0000000711000000, 0x0000000711000000, 0x0000000711200000|  0%| F|  |TAMS 0x0000000711000000| PB 0x0000000711000000| Untracked |  0
|  96|0x0000000711200000, 0x0000000711200000, 0x0000000711400000|  0%| F|  |TAMS 0x0000000711200000| PB 0x0000000711200000| Untracked |  0
|  97|0x0000000711400000, 0x0000000711400000, 0x0000000711600000|  0%| F|  |TAMS 0x0000000711400000| PB 0x0000000711400000| Untracked |  0
|  98|0x0000000711600000, 0x0000000711600000, 0x0000000711800000|  0%| F|  |TAMS 0x0000000711600000| PB 0x0000000711600000| Untracked |  0
|  99|0x0000000711800000, 0x0000000711800000, 0x0000000711a00000|  0%| F|  |TAMS 0x0000000711800000| PB 0x0000000711800000| Untracked |  0
| 100|0x0000000711a00000, 0x0000000711a00000, 0x0000000711c00000|  0%| F|  |TAMS 0x0000000711a00000| PB 0x0000000711a00000| Untracked |  0
| 101|0x0000000711c00000, 0x0000000711c00000, 0x0000000711e00000|  0%| F|  |TAMS 0x0000000711c00000| PB 0x0000000711c00000| Untracked |  0
| 102|0x0000000711e00000, 0x0000000711e00000, 0x0000000712000000|  0%| F|  |TAMS 0x0000000711e00000| PB 0x0000000711e00000| Untracked |  0
| 103|0x0000000712000000, 0x0000000712000000, 0x0000000712200000|  0%| F|  |TAMS 0x0000000712000000| PB 0x0000000712000000| Untracked |  0
| 104|0x0000000712200000, 0x0000000712200000, 0x0000000712400000|  0%| F|  |TAMS 0x0000000712200000| PB 0x0000000712200000| Untracked |  0
| 105|0x0000000712400000, 0x0000000712400000, 0x0000000712600000|  0%| F|  |TAMS 0x0000000712400000| PB 0x0000000712400000| Untracked |  0
| 106|0x0000000712600000, 0x0000000712600000, 0x0000000712800000|  0%| F|  |TAMS 0x0000000712600000| PB 0x0000000712600000| Untracked |  0
| 107|0x0000000712800000, 0x0000000712800000, 0x0000000712a00000|  0%| F|  |TAMS 0x0000000712800000| PB 0x0000000712800000| Untracked |  0
| 108|0x0000000712a00000, 0x0000000712a00000, 0x0000000712c00000|  0%| F|  |TAMS 0x0000000712a00000| PB 0x0000000712a00000| Untracked |  0
| 109|0x0000000712c00000, 0x0000000712c00000, 0x0000000712e00000|  0%| F|  |TAMS 0x0000000712c00000| PB 0x0000000712c00000| Untracked |  0
| 110|0x0000000712e00000, 0x0000000712e00000, 0x0000000713000000|  0%| F|  |TAMS 0x0000000712e00000| PB 0x0000000712e00000| Untracked |  0
| 111|0x0000000713000000, 0x0000000713000000, 0x0000000713200000|  0%| F|  |TAMS 0x0000000713000000| PB 0x0000000713000000| Untracked |  0
| 112|0x0000000713200000, 0x0000000713200000, 0x0000000713400000|  0%| F|  |TAMS 0x0000000713200000| PB 0x0000000713200000| Untracked |  0
| 113|0x0000000713400000, 0x0000000713400000, 0x0000000713600000|  0%| F|  |TAMS 0x0000000713400000| PB 0x0000000713400000| Untracked |  0
| 114|0x0000000713600000, 0x0000000713600000, 0x0000000713800000|  0%| F|  |TAMS 0x0000000713600000| PB 0x0000000713600000| Untracked |  0
| 115|0x0000000713800000, 0x0000000713800000, 0x0000000713a00000|  0%| F|  |TAMS 0x0000000713800000| PB 0x0000000713800000| Untracked |  0
| 116|0x0000000713a00000, 0x0000000713a00000, 0x0000000713c00000|  0%| F|  |TAMS 0x0000000713a00000| PB 0x0000000713a00000| Untracked |  0
| 117|0x0000000713c00000, 0x0000000713c00000, 0x0000000713e00000|  0%| F|  |TAMS 0x0000000713c00000| PB 0x0000000713c00000| Untracked |  0
| 118|0x0000000713e00000, 0x0000000713e00000, 0x0000000714000000|  0%| F|  |TAMS 0x0000000713e00000| PB 0x0000000713e00000| Untracked |  0
| 119|0x0000000714000000, 0x0000000714100000, 0x0000000714200000| 50%| E|  |TAMS 0x0000000714000000| PB 0x0000000714000000| Complete |  0
| 120|0x0000000714200000, 0x0000000714400000, 0x0000000714400000|100%| E|CS|TAMS 0x0000000714200000| PB 0x0000000714200000| Complete |  0
| 121|0x0000000714400000, 0x0000000714600000, 0x0000000714600000|100%| E|CS|TAMS 0x0000000714400000| PB 0x0000000714400000| Complete |  0
| 122|0x0000000714600000, 0x0000000714800000, 0x0000000714800000|100%| E|CS|TAMS 0x0000000714600000| PB 0x0000000714600000| Complete |  0
| 123|0x0000000714800000, 0x0000000714a00000, 0x0000000714a00000|100%| E|CS|TAMS 0x0000000714800000| PB 0x0000000714800000| Complete |  0
| 124|0x0000000714a00000, 0x0000000714c00000, 0x0000000714c00000|100%| E|CS|TAMS 0x0000000714a00000| PB 0x0000000714a00000| Complete |  0
| 125|0x0000000714c00000, 0x0000000714e00000, 0x0000000714e00000|100%| E|CS|TAMS 0x0000000714c00000| PB 0x0000000714c00000| Complete |  0
|2006|0x00000007ffe00000, 0x00000007fff1d1c0, 0x0000000800000000| 55%| O|  |TAMS 0x00000007ffe00000| PB 0x00000007ffe00000| Untracked |  0

Card table byte_map: [0x00000185d5b40000,0x00000185d6320000] _byte_map_base: 0x00000185d2317000

Marking Bits: (CMBitMap*) 0x00000185bd298eb0
 Bits: [0x00000185d6320000, 0x00000185da1d8000)

Polling page: 0x00000185bb050000

Metaspace:

Usage:
  Non-class:     15.33 MB used.
      Class:      1.59 MB used.
       Both:     16.92 MB used.

Virtual space:
  Non-class space:       64.00 MB reserved,      15.50 MB ( 24%) committed,  1 nodes.
      Class space:        1.00 GB reserved,       1.69 MB ( <1%) committed,  1 nodes.
             Both:        1.06 GB reserved,      17.19 MB (  2%) committed. 

Chunk freelists:
   Non-Class:  15.72 MB
       Class:  14.32 MB
        Both:  30.04 MB

MaxMetaspaceSize: unlimited
CompressedClassSpaceSize: 1.00 GB
Initial GC threshold: 21.00 MB
Current GC threshold: 21.00 MB
CDS: on
 - commit_granule_bytes: 65536.
 - commit_granule_words: 8192.
 - virtual_space_node_default_size: 8388608.
 - enlarge_chunks_in_place: 1.
UseCompressedClassPointers 1, UseCompactObjectHeaders 0
Narrow klass pointer bits 32, Max shift 3
Narrow klass base: 0x00000185de000000, Narrow klass shift: 0
Encoding Range: [0x00000185de000000 - 0x00000186de000000), (4294967296 bytes)
Klass Range:    [0x00000185de000000 - 0x000001861f000000), (1090519040 bytes)
Klass ID Range:  [8 - 1090519033) (1090519025)


Internal statistics:

num_allocs_failed_limit: 0.
num_arena_births: 166.
num_arena_deaths: 0.
num_vsnodes_births: 2.
num_vsnodes_deaths: 0.
num_space_committed: 275.
num_space_uncommitted: 0.
num_chunks_returned_to_freelist: 0.
num_chunks_taken_from_freelist: 748.
num_chunk_merges: 0.
num_chunk_splits: 511.
num_chunks_enlarged: 425.
num_inconsistent_stats: 0.

CodeHeap 'non-profiled nmethods': size=119232Kb used=2066Kb max_used=2066Kb free=117165Kb
 bounds [0x00000185cd660000, 0x00000185cd8d0000, 0x00000185d4ad0000]
CodeHeap 'profiled nmethods': size=119104Kb used=9681Kb max_used=9681Kb free=109422Kb
 bounds [0x00000185c5ad0000, 0x00000185c6450000, 0x00000185ccf20000]
CodeHeap 'non-nmethods': size=7424Kb used=1927Kb max_used=2608Kb free=5496Kb
 bounds [0x00000185ccf20000, 0x00000185cd1c0000, 0x00000185cd660000]
CodeCache: size=245760Kb, used=13674Kb, max_used=14355Kb, free=232083Kb
 total_blobs=5749, nmethods=5227, adapters=423, full_count=0
Compilation: enabled, stopped_count=0, restarted_count=0

Compilation events (20 events):
Event: 7.237 Thread 0x00000185dd1d0480 5186       1       org.eclipse.aether.util.graph.transformer.ConflictResolver$ConflictContext::setWinner (6 bytes)
Event: 7.237 Thread 0x0000018623022a40 nmethod 5185 0x00000185c6427008 code [0x00000185c6427140, 0x00000185c6427390]
Event: 7.237 Thread 0x00000185dd1d0480 nmethod 5186 0x00000185cd863808 code [0x00000185cd863920, 0x00000185cd863a38]
Event: 7.237 Thread 0x0000018623022a40 5187       1       org.eclipse.aether.util.graph.transformer.ConflictResolver$ConflictContext::getWinner (5 bytes)
Event: 7.237 Thread 0x00000185dd1d0480 5188       1       org.eclipse.aether.util.graph.transformer.ConflictResolver$ConflictContext::setScope (6 bytes)
Event: 7.237 Thread 0x00000185dd2f7ac0 nmethod 5190 0x00000185c6427408 code [0x00000185c64275a0, 0x00000185c6427ee8]
Event: 7.237 Thread 0x0000018623022a40 nmethod 5187 0x00000185cd863b08 code [0x00000185cd863c00, 0x00000185cd863cc8]
Event: 7.237 Thread 0x00000185dd1d0480 nmethod 5188 0x00000185cd863e08 code [0x00000185cd863f20, 0x00000185cd864038]
Event: 7.237 Thread 0x00000185dd2f7ac0 5189       1       org.eclipse.aether.util.graph.transformer.ConflictResolver$ConflictContext::setOptional (6 bytes)
Event: 7.237 Thread 0x00000185dd2f7ac0 nmethod 5189 0x00000185cd864108 code [0x00000185cd864220, 0x00000185cd864338]
Event: 7.237 Thread 0x00000185dd2f7ac0 5192       3       org.eclipse.aether.util.filter.ScopeDependencyFilter::accept (82 bytes)
Event: 7.238 Thread 0x00000185dd2f7ac0 nmethod 5192 0x00000185c6427f08 code [0x00000185c6428080, 0x00000185c6428780]
Event: 7.240 Thread 0x00000185dd1d0480 5193   !   3       sun.nio.fs.WindowsPath::toAbsolutePath (41 bytes)
Event: 7.240 Thread 0x00000185dd1d0480 nmethod 5193 0x00000185c6428808 code [0x00000185c64289a0, 0x00000185c6429068]
Event: 7.243 Thread 0x00000185dd1d0480 5194       1       org.apache.maven.artifact.DefaultArtifact::setScope (6 bytes)
Event: 7.243 Thread 0x00000185dd2f7ac0 5195       1       org.apache.maven.artifact.DefaultArtifact::setOptional (6 bytes)
Event: 7.243 Thread 0x00000185dd2f7ac0 nmethod 5195 0x00000185cd864408 code [0x00000185cd864500, 0x00000185cd8645c8]
Event: 7.243 Thread 0x00000185dd1d0480 nmethod 5194 0x00000185cd864708 code [0x00000185cd864820, 0x00000185cd864940]
Event: 7.244 Thread 0x00000185dd1d0480 5196       3       java.io.File::getAbsoluteFile (38 bytes)
Event: 7.244 Thread 0x00000185dd1d0480 nmethod 5196 0x00000185c6429108 code [0x00000185c6429280, 0x00000185c6429778]

GC Heap History (4 events):
Event: 2.823 GC heap before
{Heap before GC invocations=0 (full 0):
 garbage-first heap   total reserved 4110336K, committed 260096K, used 48244K [0x0000000705200000, 0x0000000800000000)
  region size 2048K, 24 young (49152K), 0 survivors (0K)
 Metaspace       used 8921K, committed 9152K, reserved 1114112K
  class space    used 798K, committed 896K, reserved 1048576K
}
Event: 2.831 GC heap after
{Heap after GC invocations=1 (full 0):
 garbage-first heap   total reserved 4110336K, committed 260096K, used 5513K [0x0000000705200000, 0x0000000800000000)
  region size 2048K, 3 young (6144K), 3 survivors (6144K)
 Metaspace       used 8921K, committed 9152K, reserved 1114112K
  class space    used 798K, committed 896K, reserved 1048576K
}
Event: 6.750 GC heap before
{Heap before GC invocations=1 (full 0):
 garbage-first heap   total reserved 4110336K, committed 260096K, used 116105K [0x0000000705200000, 0x0000000800000000)
  region size 2048K, 57 young (116736K), 3 survivors (6144K)
 Metaspace       used 16600K, committed 16832K, reserved 1114112K
  class space    used 1559K, committed 1664K, reserved 1048576K
}
Event: 6.772 GC heap after
{Heap after GC invocations=2 (full 0):
 garbage-first heap   total reserved 4110336K, committed 260096K, used 14449K [0x0000000705200000, 0x0000000800000000)
  region size 2048K, 7 young (14336K), 7 survivors (14336K)
 Metaspace       used 16600K, committed 16832K, reserved 1114112K
  class space    used 1559K, committed 1664K, reserved 1048576K
}

Dll operation events (8 events):
Event: 0.013 Loaded shared library C:\Program Files\Java\jdk-24\bin\java.dll
Event: 0.048 Loaded shared library C:\Program Files\Java\jdk-24\bin\jsvml.dll
Event: 0.083 Loaded shared library C:\Program Files\Java\jdk-24\bin\net.dll
Event: 0.087 Loaded shared library C:\Program Files\Java\jdk-24\bin\nio.dll
Event: 0.098 Loaded shared library C:\Program Files\Java\jdk-24\bin\zip.dll
Event: 0.576 Loaded shared library C:\Users\dipsh\.m2\wrapper\dists\apache-maven-3.9.12\59fe215c0ad6947fea90184bf7add084544567b927287592651fda3782e0e798\lib\jansi-native\Windows\x86_64\jansi.dll
Event: 0.582 Loaded shared library C:\Program Files\Java\jdk-24\bin\jimage.dll
Event: 0.610 Loaded shared library C:\Program Files\Java\jdk-24\bin\verify.dll

Deoptimization events (20 events):
Event: 6.735 Thread 0x00000185bacf81e0 DEOPT PACKING pc=0x00000185cd743ea4 sp=0x0000004bc5dfdb70
Event: 6.735 Thread 0x00000185bacf81e0 DEOPT UNPACKING pc=0x00000185cd036e82 sp=0x0000004bc5dfdaf8 mode 2
Event: 6.735 Thread 0x00000185bacf81e0 Uncommon trap: trap_request=0xffffffc6 fr.pc=0x00000185cd743ea4 relative=0x0000000000000084
Event: 6.735 Thread 0x00000185bacf81e0 Uncommon trap: reason=bimorphic_or_optimized_type_check action=maybe_recompile pc=0x00000185cd743ea4 method=com.google.inject.internal.LinkedBindingImpl.acceptTargetVisitor(Lcom/google/inject/spi/BindingTargetVisitor;)Ljava/lang/Object; @ 2 c2
Event: 6.735 Thread 0x00000185bacf81e0 DEOPT PACKING pc=0x00000185cd743ea4 sp=0x0000004bc5dfdb70
Event: 6.735 Thread 0x00000185bacf81e0 DEOPT UNPACKING pc=0x00000185cd036e82 sp=0x0000004bc5dfdaf8 mode 2
Event: 6.739 Thread 0x00000185bacf81e0 Uncommon trap: trap_request=0xfffffff4 fr.pc=0x00000185cd82a9e8 relative=0x0000000000000568
Event: 6.739 Thread 0x00000185bacf81e0 Uncommon trap: reason=null_check action=make_not_entrant pc=0x00000185cd82a9e8 method=com.google.inject.internal.InjectorImpl.enterContext()Lcom/google/inject/internal/InternalContext; @ 7 c2
Event: 6.739 Thread 0x00000185bacf81e0 DEOPT PACKING pc=0x00000185cd82a9e8 sp=0x0000004bc5dfdc00
Event: 6.739 Thread 0x00000185bacf81e0 DEOPT UNPACKING pc=0x00000185cd036e82 sp=0x0000004bc5dfdbd0 mode 2
Event: 6.799 Thread 0x00000185bacf81e0 Uncommon trap: trap_request=0xffffff4d fr.pc=0x00000185cd82c208 relative=0x0000000000000608
Event: 6.799 Thread 0x00000185bacf81e0 Uncommon trap: reason=unstable_if action=reinterpret pc=0x00000185cd82c208 method=java.util.HashMap.hash(Ljava/lang/Object;)I @ 1 c2
Event: 6.799 Thread 0x00000185bacf81e0 DEOPT PACKING pc=0x00000185cd82c208 sp=0x0000004bc5dfc2f0
Event: 6.799 Thread 0x00000185bacf81e0 DEOPT UNPACKING pc=0x00000185cd036e82 sp=0x0000004bc5dfc250 mode 2
Event: 6.834 Thread 0x00000185bacf81e0 DEOPT PACKING pc=0x00000185c6124e7c sp=0x0000004bc5dfe360
Event: 6.834 Thread 0x00000185bacf81e0 DEOPT UNPACKING pc=0x00000185ccf75722 sp=0x0000004bc5dfd7b8 mode 0
Event: 7.192 Thread 0x00000185bacf81e0 Uncommon trap: trap_request=0xffffff4d fr.pc=0x00000185cd81a828 relative=0x0000000000000208
Event: 7.192 Thread 0x00000185bacf81e0 Uncommon trap: reason=unstable_if action=reinterpret pc=0x00000185cd81a828 method=org.codehaus.plexus.util.xml.pull.MXParser.printable(I)Ljava/lang/String; @ 23 c2
Event: 7.192 Thread 0x00000185bacf81e0 DEOPT PACKING pc=0x00000185cd81a828 sp=0x0000004bc5dfc710
Event: 7.192 Thread 0x00000185bacf81e0 DEOPT UNPACKING pc=0x00000185cd036e82 sp=0x0000004bc5dfc6a0 mode 2

Classes loaded (20 events):
Event: 6.809 Loading class java/io/Externalizable done
Event: 6.809 Loading class java/time/zone/Ser done
Event: 6.810 Loading class java/time/zone/ZoneOffsetTransition
Event: 6.811 Loading class java/time/zone/ZoneOffsetTransition done
Event: 6.832 Loading class jdk/internal/reflect/MethodHandleBooleanFieldAccessorImpl
Event: 6.832 Loading class jdk/internal/reflect/MethodHandleBooleanFieldAccessorImpl done
Event: 6.842 Loading class java/nio/file/Files$AcceptAllFilter
Event: 6.842 Loading class java/nio/file/DirectoryStream$Filter
Event: 6.843 Loading class java/nio/file/DirectoryStream$Filter done
Event: 6.843 Loading class java/nio/file/Files$AcceptAllFilter done
Event: 6.843 Loading class sun/nio/fs/WindowsDirectoryStream
Event: 6.843 Loading class java/nio/file/DirectoryStream
Event: 6.843 Loading class java/nio/file/DirectoryStream done
Event: 6.843 Loading class sun/nio/fs/WindowsDirectoryStream done
Event: 6.844 Loading class sun/nio/fs/WindowsDirectoryStream$WindowsDirectoryIterator
Event: 6.844 Loading class sun/nio/fs/WindowsDirectoryStream$WindowsDirectoryIterator done
Event: 6.844 Loading class sun/nio/fs/WindowsPath$WindowsPathWithAttributes
Event: 6.844 Loading class sun/nio/fs/BasicFileAttributesHolder
Event: 6.845 Loading class sun/nio/fs/BasicFileAttributesHolder done
Event: 6.845 Loading class sun/nio/fs/WindowsPath$WindowsPathWithAttributes done

Classes unloaded (0 events):
No events

Classes redefined (0 events):
No events

Internal exceptions (20 events):
Event: 4.213 Thread 0x00000185bacf81e0 Exception <a 'java/lang/NoSuchMethodError'{0x0000000713042558}: 'void java.lang.invoke.DirectMethodHandle$Holder.invokeVirtual(java.lang.Object, java.lang.Object, int)'> (0x0000000713042558) 
thrown [s\open\src\hotspot\share\interpreter\linkResolver.cpp, line 805]
Event: 4.216 Thread 0x00000185bacf81e0 Exception <a 'java/lang/NoSuchMethodError'{0x000000071305a350}: 'java.lang.Object java.lang.invoke.DirectMethodHandle$Holder.invokeStatic(java.lang.Object, java.lang.Object, java.lang.Object, java.lang.Object, int)'> (0x000000071305a350) 
thrown [s\open\src\hotspot\share\interpreter\linkResolver.cpp, line 805]
Event: 4.218 Thread 0x00000185bacf81e0 Exception <a 'java/lang/NoSuchMethodError'{0x000000071306b9b8}: 'void java.lang.invoke.DirectMethodHandle$Holder.invokeSpecial(java.lang.Object, java.lang.Object, java.lang.Object, int)'> (0x000000071306b9b8) 
thrown [s\open\src\hotspot\share\interpreter\linkResolver.cpp, line 805]
Event: 4.218 Thread 0x00000185bacf81e0 Exception <a 'java/lang/NoSuchMethodError'{0x0000000713073d18}: 'void java.lang.invoke.DelegatingMethodHandle$Holder.reinvoke_L(java.lang.Object, java.lang.Object, int)'> (0x0000000713073d18) 
thrown [s\open\src\hotspot\share\interpreter\linkResolver.cpp, line 805]
Event: 4.982 Thread 0x00000185bacf81e0 Exception <a 'java/lang/NoSuchMethodError'{0x0000000711141db0}: 'void java.lang.invoke.DirectMethodHandle$Holder.invokeStatic(java.lang.Object, java.lang.Object, java.lang.Object, java.lang.Object)'> (0x0000000711141db0) 
thrown [s\open\src\hotspot\share\interpreter\linkResolver.cpp, line 805]
Event: 4.987 Thread 0x00000185bacf81e0 Exception <a 'java/lang/NoSuchMethodError'{0x000000071116d6a0}: 'int java.lang.invoke.DirectMethodHandle$Holder.invokeSpecialIFC(java.lang.Object, java.lang.Object, java.lang.Object, java.lang.Object)'> (0x000000071116d6a0) 
thrown [s\open\src\hotspot\share\interpreter\linkResolver.cpp, line 805]
Event: 6.445 Thread 0x00000185bacf81e0 Implicit null exception at 0x00000185cd715f6b to 0x00000185cd716148
Event: 6.445 Thread 0x00000185bacf81e0 Implicit null exception at 0x00000185cd71586b to 0x00000185cd715a48
Event: 6.445 Thread 0x00000185bacf81e0 Implicit null exception at 0x00000185cd70479d to 0x00000185cd704819
Event: 6.652 Thread 0x00000185bacf81e0 Exception <a 'java/lang/NoSuchMethodError'{0x000000070df9cde8}: 'java.lang.Object java.lang.invoke.DirectMethodHandle$Holder.newInvokeSpecial(java.lang.Object, java.lang.Object, java.lang.Object, java.lang.Object, java.lang.Object, java.lang.Object, java.lang.Object)'> (0x000000070df9cde8) 
thrown [s\open\src\hotspot\share\interpreter\linkResolver.cpp, line 805]
Event: 6.739 Thread 0x00000185bacf81e0 Implicit null exception at 0x00000185cd82a55f to 0x00000185cd82a9d8
Event: 6.773 Thread 0x00000185bacf81e0 Exception <a 'java/lang/NoSuchMethodError'{0x0000000714c06528}: 'int java.lang.invoke.DirectMethodHandle$Holder.invokeVirtual(java.lang.Object, java.lang.Object)'> (0x0000000714c06528) 
thrown [s\open\src\hotspot\share\interpreter\linkResolver.cpp, line 805]
Event: 6.799 Thread 0x00000185bacf81e0 Implicit null exception at 0x00000185cd82bc39 to 0x00000185cd82c1f0
Event: 6.834 Thread 0x00000185bacf81e0 Exception <a 'java/lang/NoSuchMethodError'{0x0000000714d82b30}: 'void java.lang.invoke.Invokers$Holder.invokeExact_MT(java.lang.Object, java.lang.Object, int, java.lang.Object)'> (0x0000000714d82b30) 
thrown [s\open\src\hotspot\share\interpreter\linkResolver.cpp, line 805]
Event: 7.137 Thread 0x00000185bacf81e0 Exception <a 'sun/nio/fs/WindowsException'{0x0000000714a24308}> (0x0000000714a24308) 
thrown [s\open\src\hotspot\share\prims\jni.cpp, line 518]
Event: 7.137 Thread 0x00000185bacf81e0 Exception <a 'sun/nio/fs/WindowsException'{0x0000000714a24960}> (0x0000000714a24960) 
thrown [s\open\src\hotspot\share\prims\jni.cpp, line 518]
Event: 7.137 Thread 0x00000185bacf81e0 Exception <a 'sun/nio/fs/WindowsException'{0x0000000714a24fc8}> (0x0000000714a24fc8) 
thrown [s\open\src\hotspot\share\prims\jni.cpp, line 518]
Event: 7.138 Thread 0x00000185bacf81e0 Exception <a 'sun/nio/fs/WindowsException'{0x0000000714a25628}> (0x0000000714a25628) 
thrown [s\open\src\hotspot\share\prims\jni.cpp, line 518]
Event: 7.138 Thread 0x00000185bacf81e0 Exception <a 'sun/nio/fs/WindowsException'{0x0000000714a25c88}> (0x0000000714a25c88) 
thrown [s\open\src\hotspot\share\prims\jni.cpp, line 518]
Event: 7.138 Thread 0x00000185bacf81e0 Exception <a 'sun/nio/fs/WindowsException'{0x0000000714a262e0}> (0x0000000714a262e0) 
thrown [s\open\src\hotspot\share\prims\jni.cpp, line 518]

VM Operations (20 events):
Event: 3.605 Executing VM operation: HandshakeAllThreads (Deoptimize)
Event: 3.605 Executing VM operation: HandshakeAllThreads (Deoptimize) done
Event: 3.769 Executing VM operation: HandshakeAllThreads (Deoptimize)
Event: 3.769 Executing VM operation: HandshakeAllThreads (Deoptimize) done
Event: 3.817 Executing VM operation: HandshakeAllThreads (Deoptimize)
Event: 3.817 Executing VM operation: HandshakeAllThreads (Deoptimize) done
Event: 3.911 Executing VM operation: HandshakeAllThreads (Deoptimize)
Event: 3.911 Executing VM operation: HandshakeAllThreads (Deoptimize) done
Event: 3.940 Executing VM operation: HandshakeAllThreads (Deoptimize)
Event: 3.940 Executing VM operation: HandshakeAllThreads (Deoptimize) done
Event: 3.980 Executing VM operation: HandshakeAllThreads (Deoptimize)
Event: 3.980 Executing VM operation: HandshakeAllThreads (Deoptimize) done
Event: 3.982 Executing VM operation: HandshakeAllThreads (Deoptimize)
Event: 3.982 Executing VM operation: HandshakeAllThreads (Deoptimize) done
Event: 6.750 Executing VM operation: G1CollectForAllocation (G1 Evacuation Pause)
Event: 6.772 Executing VM operation: G1CollectForAllocation (G1 Evacuation Pause) done
Event: 6.833 Executing VM operation: HandshakeAllThreads (Deoptimize)
Event: 6.833 Executing VM operation: HandshakeAllThreads (Deoptimize) done
Event: 6.846 Executing VM operation: HandshakeAllThreads (Deoptimize)
Event: 6.846 Executing VM operation: HandshakeAllThreads (Deoptimize) done

Memory protections (0 events):
No events

Nmethod flushes (0 events):
No events

Events (20 events):
Event: 0.044 Thread 0x00000185bacf81e0 Thread added: 0x00000185dd186670
Event: 0.045 Thread 0x00000185bacf81e0 Thread added: 0x00000185dd18eab0
Event: 0.045 Thread 0x00000185bacf81e0 Thread added: 0x00000185dd18f930
Event: 0.045 Thread 0x00000185bacf81e0 Thread added: 0x00000185dd190fd0
Event: 0.045 Thread 0x00000185bacf81e0 Thread added: 0x00000185dd19bb20
Event: 0.045 Thread 0x00000185bacf81e0 Thread added: 0x00000185dd1a2570
Event: 0.045 Thread 0x00000185bacf81e0 Thread added: 0x00000185dd1d0480
Event: 0.054 Thread 0x00000185dd1d0480 Thread added: 0x00000185dd2f7ac0
Event: 0.064 Thread 0x00000185bacf81e0 Thread added: 0x00000185dd32cf20
Event: 0.069 Thread 0x00000185bacf81e0 Thread added: 0x00000185dd332e90
Event: 0.569 Thread 0x00000185bacf81e0 Thread added: 0x00000185dd478340
Event: 0.661 Thread 0x00000185dd478340 Thread exited: 0x00000185dd478340
Event: 0.863 Thread 0x00000185dd1d0480 Thread added: 0x000001862301e820
Event: 0.910 Thread 0x00000185dd1d0480 Thread added: 0x0000018623022a40
Event: 1.221 Thread 0x000001862301e820 Thread exited: 0x000001862301e820
Event: 1.644 Thread 0x00000185dd2f7ac0 Thread added: 0x000001862314e1d0
Event: 1.644 Thread 0x00000185dd2f7ac0 Thread added: 0x000001862314e960
Event: 3.937 Thread 0x00000185bacf81e0 Thread added: 0x00000186234a4980
Event: 6.926 Thread 0x000001862314e960 Thread exited: 0x000001862314e960
Event: 6.970 Thread 0x000001862314e1d0 Thread exited: 0x000001862314e1d0


Dynamic libraries:
0x00007ff788420000 - 0x00007ff788430000 	C:\Program Files\Java\jdk-24\bin\java.exe
0x00007ffcecd20000 - 0x00007ffcecf88000 	C:\WINDOWS\SYSTEM32\ntdll.dll
0x00007ffceb050000 - 0x00007ffceb119000 	C:\WINDOWS\System32\KERNEL32.DLL
0x00007ffcea500000 - 0x00007ffcea8f2000 	C:\WINDOWS\System32\KERNELBASE.dll
0x00007ffcea3b0000 - 0x00007ffcea4fb000 	C:\WINDOWS\System32\ucrtbase.dll
0x00007ffce1070000 - 0x00007ffce1086000 	C:\Program Files\Java\jdk-24\bin\jli.dll
0x00007ffceb4d0000 - 0x00007ffceb695000 	C:\WINDOWS\System32\USER32.dll
0x00007ffce2110000 - 0x00007ffce212b000 	C:\Program Files\Java\jdk-24\bin\VCRUNTIME140.dll
0x00007ffcea380000 - 0x00007ffcea3a7000 	C:\WINDOWS\System32\win32u.dll
0x00007ffceafa0000 - 0x00007ffceafcb000 	C:\WINDOWS\System32\GDI32.dll
0x00007ffcea9c0000 - 0x00007ffceaaed000 	C:\WINDOWS\System32\gdi32full.dll
0x00007ffcc2c80000 - 0x00007ffcc2f13000 	C:\WINDOWS\WinSxS\amd64_microsoft.windows.common-controls_6595b64144ccf1df_6.0.26100.6899_none_3e0efeeae32e88c1\COMCTL32.dll
0x00007ffcea1a0000 - 0x00007ffcea243000 	C:\WINDOWS\System32\msvcp_win.dll
0x00007ffcec900000 - 0x00007ffcec9a9000 	C:\WINDOWS\System32\msvcrt.dll
0x00007ffceb380000 - 0x00007ffceb3af000 	C:\WINDOWS\System32\IMM32.DLL
0x00007ffce6980000 - 0x00007ffce698c000 	C:\Program Files\Java\jdk-24\bin\vcruntime140_1.dll
0x00007ffcc7f10000 - 0x00007ffcc7f9e000 	C:\Program Files\Java\jdk-24\bin\msvcp140.dll
0x00007ffc32e90000 - 0x00007ffc33c32000 	C:\Program Files\Java\jdk-24\bin\server\jvm.dll
0x00007ffcecba0000 - 0x00007ffcecc54000 	C:\WINDOWS\System32\ADVAPI32.dll
0x00007ffcec9b0000 - 0x00007ffceca56000 	C:\WINDOWS\System32\sechost.dll
0x00007ffceca60000 - 0x00007ffcecb78000 	C:\WINDOWS\System32\RPCRT4.dll
0x00007ffceb120000 - 0x00007ffceb194000 	C:\WINDOWS\System32\WS2_32.dll
0x00007ffce96a0000 - 0x00007ffce96fe000 	C:\WINDOWS\SYSTEM32\POWRPROF.dll
0x00007ffcdf470000 - 0x00007ffcdf47b000 	C:\WINDOWS\SYSTEM32\VERSION.dll
0x00007ffcdcc30000 - 0x00007ffcdcc65000 	C:\WINDOWS\SYSTEM32\WINMM.dll
0x00007ffce9680000 - 0x00007ffce9694000 	C:\WINDOWS\SYSTEM32\UMPDC.dll
0x00007ffce8c80000 - 0x00007ffce8c9b000 	C:\WINDOWS\SYSTEM32\kernel.appcore.dll
0x00007ffce2200000 - 0x00007ffce220a000 	C:\Program Files\Java\jdk-24\bin\jimage.dll
0x00007ffce76b0000 - 0x00007ffce78f2000 	C:\WINDOWS\SYSTEM32\DBGHELP.DLL
0x00007ffceac20000 - 0x00007ffceaf9b000 	C:\WINDOWS\System32\combase.dll
0x00007ffceb7b0000 - 0x00007ffceb887000 	C:\WINDOWS\System32\OLEAUT32.dll
0x00007ffcc16b0000 - 0x00007ffcc16ec000 	C:\WINDOWS\SYSTEM32\dbgcore.DLL
0x00007ffcea2e0000 - 0x00007ffcea378000 	C:\WINDOWS\System32\bcryptPrimitives.dll
0x00007ffccc1e0000 - 0x00007ffccc1fe000 	C:\Program Files\Java\jdk-24\bin\java.dll
0x00007ffcec760000 - 0x00007ffcec8f8000 	C:\WINDOWS\System32\ole32.dll
0x00007ffcebe30000 - 0x00007ffcec57d000 	C:\WINDOWS\System32\SHELL32.dll
0x00007ffcea030000 - 0x00007ffcea19b000 	C:\WINDOWS\System32\wintypes.dll
0x00007ffce7b00000 - 0x00007ffce835d000 	C:\WINDOWS\SYSTEM32\windows.storage.dll
0x00007ffceb6b0000 - 0x00007ffceb7a2000 	C:\WINDOWS\System32\SHCORE.dll
0x00007ffceabb0000 - 0x00007ffceac12000 	C:\WINDOWS\System32\shlwapi.dll
0x00007ffce9dd0000 - 0x00007ffce9df9000 	C:\WINDOWS\SYSTEM32\profapi.dll
0x00007ffcc2a20000 - 0x00007ffcc2af7000 	C:\Program Files\Java\jdk-24\bin\jsvml.dll
0x00007ffce1060000 - 0x00007ffce1070000 	C:\Program Files\Java\jdk-24\bin\net.dll
0x00007ffce91f0000 - 0x00007ffce925b000 	C:\WINDOWS\system32\mswsock.dll
0x00007ffccc1c0000 - 0x00007ffccc1d6000 	C:\Program Files\Java\jdk-24\bin\nio.dll
0x00007ffccaa00000 - 0x00007ffccaa17000 	C:\Program Files\Java\jdk-24\bin\zip.dll
0x00007ffcc7ee0000 - 0x00007ffcc7f04000 	C:\Users\dipsh\.m2\wrapper\dists\apache-maven-3.9.12\59fe215c0ad6947fea90184bf7add084544567b927287592651fda3782e0e798\lib\jansi-native\Windows\x86_64\jansi.dll
0x00007ffccff30000 - 0x00007ffccff40000 	C:\Program Files\Java\jdk-24\bin\verify.dll

JVMTI agents: none

dbghelp: loaded successfully - version: 4.0.5 - missing functions: none
symbol engine: initialized successfully - sym options: 0x614 - pdb path: .;C:\Program Files\Java\jdk-24\bin;C:\WINDOWS\SYSTEM32;C:\WINDOWS\WinSxS\amd64_microsoft.windows.common-controls_6595b64144ccf1df_6.0.26100.6899_none_3e0efeeae32e88c1;C:\Program Files\Java\jdk-24\bin\server;C:\Users\dipsh\.m2\wrapper\dists\apache-maven-3.9.12\59fe215c0ad6947fea90184bf7add084544567b927287592651fda3782e0e798\lib\jansi-native\Windows\x86_64

VM Arguments:
jvm_args: --enable-native-access=ALL-UNNAMED -Dclassworlds.conf=C:\Users\dipsh\.m2\wrapper\dists\apache-maven-3.9.12\59fe215c0ad6947fea90184bf7add084544567b927287592651fda3782e0e798\bin\m2.conf -Dmaven.home=C:\Users\dipsh\.m2\wrapper\dists\apache-maven-3.9.12\59fe215c0ad6947fea90184bf7add084544567b927287592651fda3782e0e798 -Dlibrary.jansi.path=C:\Users\dipsh\.m2\wrapper\dists\apache-maven-3.9.12\59fe215c0ad6947fea90184bf7add084544567b927287592651fda3782e0e798\lib\jansi-native -Dmaven.multiModuleProjectDirectory=C:\Users\dipsh\Downloads\nutra\nutra 
java_command: org.codehaus.plexus.classworlds.launcher.Launcher clean compile
java_class_path (initial): C:\Users\dipsh\.m2\wrapper\dists\apache-maven-3.9.12\59fe215c0ad6947fea90184bf7add084544567b927287592651fda3782e0e798\boot\plexus-classworlds-2.9.0.jar
Launcher Type: SUN_STANDARD

[Global flags]
     intx CICompilerCount                          = 12                                        {product} {ergonomic}
     uint ConcGCThreads                            = 3                                         {product} {ergonomic}
     uint G1ConcRefinementThreads                  = 13                                        {product} {ergonomic}
   size_t G1HeapRegionSize                         = 2097152                                   {product} {ergonomic}
   size_t InitialHeapSize                          = 264241152                                 {product} {ergonomic}
   size_t MarkStackSize                            = 4194304                                   {product} {ergonomic}
   size_t MarkStackSizeMax                         = 536870912                                 {product} {ergonomic}
   size_t MaxHeapSize                              = 4208984064                                {product} {ergonomic}
   size_t MaxNewSize                               = 2524971008                                {product} {ergonomic}
   size_t MinHeapDeltaBytes                        = 2097152                                   {product} {ergonomic}
   size_t MinHeapSize                              = 8388608                                   {product} {ergonomic}
    uintx NonNMethodCodeHeapSize                   = 7602176                                {pd product} {ergonomic}
    uintx NonProfiledCodeHeapSize                  = 122093568                              {pd product} {ergonomic}
    uintx ProfiledCodeHeapSize                     = 121962496                              {pd product} {ergonomic}
    uintx ReservedCodeCacheSize                    = 251658240                              {pd product} {ergonomic}
     bool SegmentedCodeCache                       = true                                      {product} {ergonomic}
   size_t SoftMaxHeapSize                          = 4208984064                             {manageable} {ergonomic}
     bool UseCompressedOops                        = true                           {product lp64_product} {ergonomic}
     bool UseG1GC                                  = true                                      {product} {ergonomic}
     bool UseLargePagesIndividualAllocation        = false                                  {pd product} {ergonomic}

Logging:
Log output configuration:
 #0: stdout all=warning uptime,level,tags foldmultilines=false
 #1: stderr all=off uptime,level,tags foldmultilines=false

Environment Variables:
PATH=C:\oraclexe\app\oracle\product\11.2.0\server\bin;;C:\oraclexe\app\oracle\product\11.2.0\server\bin;C:\Program Files\Java\jdk-24.0.2\bin;C:\Program Files (x86)\VMware\VMware Workstation\bin\;C:\windows\system32;C:\windows;C:\windows\System32\Wbem;C:\windows\System32\WindowsPowerShell\v1.0\;C:\windows\System32\OpenSSH\;C:\Program Files (x86)\NVIDIA Corporation\PhysX\Common;C:\Program Files\NVIDIA Corporation\NVIDIA NvDLISR;C:\Program Files\HP\HP One Agent;C:\WINDOWS\system32;C:\WINDOWS;C:\WINDOWS\System32\Wbem;C:\WINDOWS\System32\WindowsPowerShell\v1.0\;C:\WINDOWS\System32\OpenSSH\;C:\Program Files\Git\cmd;C:\Program Files\nodejs\;C:\Program Files\MySQL\MySQL Server 9.3\bin;C:\Program Files\dotnet\;C:\Program Files\cursor\resources\app\bin;C:\Program Files\Microsoft SQL Server\150\Tools\Binn\;C:\Program Files\Microsoft SQL Server\Client SDK\ODBC\170\Tools\Binn\;C:\Program Files\Microsoft SQL Server\170\Tools\Binn\;C:\Program Files\Docker\Docker\resources\bin;C:\Users\dipsh\AppData\Local\Programs\Python\Python313\Scripts\;C:\Users\dipsh\AppData\Local\Programs\Python\Python313\;C:\Users\dipsh\AppData\Local\Microsoft\WindowsApps;C:\Users\dipsh\AppData\Local\Programs\Microsoft VS Code\bin;C:\Program Files\JetBrains\IntelliJ IDEA Community Edition 2023.3.2\bin;;C:\Program Files\Java\jdk-24\bin;C:\Users\dipsh\AppData\Roaming\npm;C:\Program Files\nodejs\;C:\Program Files\MySQL\MySQL Server 9.3\bin;C:\Users\dipsh\.dotnet\tools;C:\Users\dipsh\AppData\Local\GitHubDesktop\bin;C:\Users\dipsh\AppData\Local\Programs\Antigravity\bin;c:\Users\dipsh\.antigravity\extensions\vscjava.vscode-java-debug-0.58.5-universal\bundled\scripts\noConfigScripts
USERNAME=dipsh
LANG=en_US.UTF-8
OS=Windows_NT
PROCESSOR_IDENTIFIER=Intel64 Family 6 Model 154 Stepping 3, GenuineIntel
TMP=C:\Users\dipsh\AppData\Local\Temp
TEMP=C:\Users\dipsh\AppData\Local\Temp




Periodic native trim disabled

---------------  S Y S T E M  ---------------

OS:
 Windows 11 , 64 bit Build 26100 (10.0.26100.6725)
OS uptime: 1 days 2:34 hours
Hyper-V role detected

CPU: total 16 (initial active 16) (8 cores per cpu, 2 threads per core) family 6 model 154 stepping 3 microcode 0x434, cx8, cmov, fxsr, ht, mmx, 3dnowpref, sse, sse2, sse3, ssse3, sse4.1, sse4.2, popcnt, lzcnt, tsc, tscinvbit, avx, avx2, aes, erms, clmul, bmi1, bmi2, adx, sha, fma, vzeroupper, clflush, clflushopt, clwb, hv, serialize, rdtscp, rdpid, fsrm, gfni, f16c, cet_ibt, cet_ss
Processor Information for processor 0
  Max Mhz: 2300, Current Mhz: 2300, Mhz Limit: 2300
Processor Information for processor 1
  Max Mhz: 2300, Current Mhz: 2300, Mhz Limit: 2300
Processor Information for processor 2
  Max Mhz: 2300, Current Mhz: 2300, Mhz Limit: 2300
Processor Information for processor 3
  Max Mhz: 2300, Current Mhz: 1506, Mhz Limit: 2300
Processor Information for processor 4
  Max Mhz: 2300, Current Mhz: 2300, Mhz Limit: 2300
Processor Information for processor 5
  Max Mhz: 2300, Current Mhz: 2300, Mhz Limit: 2300
Processor Information for processor 6
  Max Mhz: 2300, Current Mhz: 2300, Mhz Limit: 2300
Processor Information for processor 7
  Max Mhz: 2300, Current Mhz: 2300, Mhz Limit: 2300
Processor Information for processor 8
  Max Mhz: 2300, Current Mhz: 2300, Mhz Limit: 2300
Processor Information for processor 9
  Max Mhz: 2300, Current Mhz: 2300, Mhz Limit: 2300
Processor Information for processor 10
  Max Mhz: 2300, Current Mhz: 2300, Mhz Limit: 2300
Processor Information for processor 11
  Max Mhz: 2300, Current Mhz: 2300, Mhz Limit: 2300
Processor Information for processor 12
  Max Mhz: 2300, Current Mhz: 2300, Mhz Limit: 2300
Processor Information for processor 13
  Max Mhz: 2300, Current Mhz: 2300, Mhz Limit: 2300
Processor Information for processor 14
  Max Mhz: 2300, Current Mhz: 2300, Mhz Limit: 2300
Processor Information for processor 15
  Max Mhz: 2300, Current Mhz: 2300, Mhz Limit: 2300

Memory: 4k page, system-wide physical 16051M (654M free)
TotalPageFile size 29051M (AvailPageFile size 1M)
current process WorkingSet (physical memory assigned to process): 226M, peak: 226M
current process commit charge ("private bytes"): 407M, peak: 416M

vm_info: Java HotSpot(TM) 64-Bit Server VM (24.0.1+9-30) for windows-amd64 JRE (24.0.1+9-30), built on 2025-03-05T07:23:45Z with MS VC++ 17.6 (VS2022)

END.
